Compiling D:\jobESP\ESPAN-04\Firmware\SPAN-04\ESPAN04_8 - Delay - SP - SMS\ESPAN-04 on 28-¡.Â.-21 at 16:57
>>> Warning 229 "D:\jobESP\ESPAN-04\Firmware\SPAN-04\ESPAN04_8 - Delay - SP - SMS\ESPAN-04.c" Line 697(1,1): Subscript out of range
>>> Warning 229 "D:\jobESP\ESPAN-04\Firmware\SPAN-04\ESPAN04_8 - Delay - SP - SMS\ESPAN-04.c" Line 2102(1,1): Subscript out of range
>>> Warning 207 "D:\jobESP\ESPAN-04\Firmware\SPAN-04\ESPAN04_8 - Delay - SP - SMS\ESPAN-04.c" Line 3331(38,39): Code has no effect
>>> Warning 207 "D:\jobESP\ESPAN-04\Firmware\SPAN-04\ESPAN04_8 - Delay - SP - SMS\ESPAN-04.c" Line 3341(38,39): Code has no effect
>>> Warning 207 "D:\jobESP\ESPAN-04\Firmware\SPAN-04\ESPAN04_8 - Delay - SP - SMS\ESPAN-04.c" Line 3423(38,39): Code has no effect
>>> Warning 207 "D:\jobESP\ESPAN-04\Firmware\SPAN-04\ESPAN04_8 - Delay - SP - SMS\ESPAN-04.c" Line 3433(38,39): Code has no effect
>>> Warning 207 "D:\jobESP\ESPAN-04\Firmware\SPAN-04\ESPAN04_8 - Delay - SP - SMS\ESPAN-04.c" Line 3515(38,39): Code has no effect
>>> Warning 207 "D:\jobESP\ESPAN-04\Firmware\SPAN-04\ESPAN04_8 - Delay - SP - SMS\ESPAN-04.c" Line 3525(38,39): Code has no effect
>>> Warning 207 "D:\jobESP\ESPAN-04\Firmware\SPAN-04\ESPAN04_8 - Delay - SP - SMS\ESPAN-04.c" Line 3607(38,39): Code has no effect
>>> Warning 207 "D:\jobESP\ESPAN-04\Firmware\SPAN-04\ESPAN04_8 - Delay - SP - SMS\ESPAN-04.c" Line 3617(38,39): Code has no effect
>>> Warning 207 "D:\jobESP\ESPAN-04\Firmware\SPAN-04\ESPAN04_8 - Delay - SP - SMS\ESPAN-04.c" Line 3699(38,39): Code has no effect
>>> Warning 207 "D:\jobESP\ESPAN-04\Firmware\SPAN-04\ESPAN04_8 - Delay - SP - SMS\ESPAN-04.c" Line 3709(38,39): Code has no effect
>>> Warning 207 "D:\jobESP\ESPAN-04\Firmware\SPAN-04\ESPAN04_8 - Delay - SP - SMS\ESPAN-04.c" Line 3791(38,39): Code has no effect
>>> Warning 207 "D:\jobESP\ESPAN-04\Firmware\SPAN-04\ESPAN04_8 - Delay - SP - SMS\ESPAN-04.c" Line 3801(38,39): Code has no effect
>>> Warning 207 "D:\jobESP\ESPAN-04\Firmware\SPAN-04\ESPAN04_8 - Delay - SP - SMS\ESPAN-04.c" Line 3883(38,39): Code has no effect
>>> Warning 207 "D:\jobESP\ESPAN-04\Firmware\SPAN-04\ESPAN04_8 - Delay - SP - SMS\ESPAN-04.c" Line 3893(38,39): Code has no effect
>>> Warning 207 "D:\jobESP\ESPAN-04\Firmware\SPAN-04\ESPAN04_8 - Delay - SP - SMS\ESPAN-04.c" Line 3975(38,39): Code has no effect
>>> Warning 207 "D:\jobESP\ESPAN-04\Firmware\SPAN-04\ESPAN04_8 - Delay - SP - SMS\ESPAN-04.c" Line 3984(38,39): Code has no effect
>>> Warning 202 "D:\jobESP\ESPAN-04\Firmware\SPAN-04\ESPAN04_8 - Delay - SP - SMS\ESPAN-04.c" Line 100(6,14): Variable never used:   SyncFlag
>>> Warning 202 "D:\jobESP\ESPAN-04\Firmware\SPAN-04\ESPAN04_8 - Delay - SP - SMS\ESPAN-04.c" Line 106(6,15): Variable never used:   Output595
>>> Warning 202 "D:\jobESP\ESPAN-04\Firmware\SPAN-04\ESPAN04_8 - Delay - SP - SMS\ESPAN-04.c" Line 108(6,14): Variable never used:   tempdata
>>> Warning 202 "D:\jobESP\ESPAN-04\Firmware\SPAN-04\ESPAN04_8 - Delay - SP - SMS\ESPAN-04.c" Line 138(6,15): Variable never used:   Input9_10
>>> Warning 202 "D:\jobESP\ESPAN-04\Firmware\SPAN-04\ESPAN04_8 - Delay - SP - SMS\ESPAN-04.c" Line 139(6,16): Variable never used:   Input11_18
>>> Warning 202 "D:\jobESP\ESPAN-04\Firmware\SPAN-04\ESPAN04_8 - Delay - SP - SMS\ESPAN-04.c" Line 140(6,16): Variable never used:   Input19_20
>>> Warning 202 "D:\jobESP\ESPAN-04\Firmware\SPAN-04\ESPAN04_8 - Delay - SP - SMS\ESPAN-04.c" Line 144(6,13): Variable never used:   Red9_15
>>> Warning 202 "D:\jobESP\ESPAN-04\Firmware\SPAN-04\ESPAN04_8 - Delay - SP - SMS\ESPAN-04.c" Line 145(6,14): Variable never used:   Red16_16
>>> Warning 202 "D:\jobESP\ESPAN-04\Firmware\SPAN-04\ESPAN04_8 - Delay - SP - SMS\ESPAN-04.c" Line 149(6,15): Variable never used:   Green9_15
>>> Warning 202 "D:\jobESP\ESPAN-04\Firmware\SPAN-04\ESPAN04_8 - Delay - SP - SMS\ESPAN-04.c" Line 150(6,16): Variable never used:   Green16_16
>>> Warning 202 "D:\jobESP\ESPAN-04\Firmware\SPAN-04\ESPAN04_8 - Delay - SP - SMS\ESPAN-04.c" Line 152(6,12): Variable never used:   Red1_8
>>> Warning 202 "D:\jobESP\ESPAN-04\Firmware\SPAN-04\ESPAN04_8 - Delay - SP - SMS\ESPAN-04.c" Line 153(6,13): Variable never used:   Red9_16
>>> Warning 202 "D:\jobESP\ESPAN-04\Firmware\SPAN-04\ESPAN04_8 - Delay - SP - SMS\ESPAN-04.c" Line 155(6,13): Variable never used:   Red9_10
>>> Warning 202 "D:\jobESP\ESPAN-04\Firmware\SPAN-04\ESPAN04_8 - Delay - SP - SMS\ESPAN-04.c" Line 156(6,14): Variable never used:   Red11_18
>>> Warning 202 "D:\jobESP\ESPAN-04\Firmware\SPAN-04\ESPAN04_8 - Delay - SP - SMS\ESPAN-04.c" Line 157(6,14): Variable never used:   Red19_20
>>> Warning 202 "D:\jobESP\ESPAN-04\Firmware\SPAN-04\ESPAN04_8 - Delay - SP - SMS\ESPAN-04.c" Line 159(6,14): Variable never used:   Green1_8
>>> Warning 202 "D:\jobESP\ESPAN-04\Firmware\SPAN-04\ESPAN04_8 - Delay - SP - SMS\ESPAN-04.c" Line 160(6,15): Variable never used:   Green9_16
>>> Warning 202 "D:\jobESP\ESPAN-04\Firmware\SPAN-04\ESPAN04_8 - Delay - SP - SMS\ESPAN-04.c" Line 162(6,15): Variable never used:   Green9_10
>>> Warning 202 "D:\jobESP\ESPAN-04\Firmware\SPAN-04\ESPAN04_8 - Delay - SP - SMS\ESPAN-04.c" Line 163(6,16): Variable never used:   Green11_18
>>> Warning 202 "D:\jobESP\ESPAN-04\Firmware\SPAN-04\ESPAN04_8 - Delay - SP - SMS\ESPAN-04.c" Line 164(6,16): Variable never used:   Green19_20
>>> Warning 202 "D:\jobESP\ESPAN-04\Firmware\SPAN-04\ESPAN04_8 - Delay - SP - SMS\ESPAN-04.c" Line 166(6,15): Variable never used:   OUTRed1_8
>>> Warning 202 "D:\jobESP\ESPAN-04\Firmware\SPAN-04\ESPAN04_8 - Delay - SP - SMS\ESPAN-04.c" Line 167(6,16): Variable never used:   OUTRed9_16
>>> Warning 202 "D:\jobESP\ESPAN-04\Firmware\SPAN-04\ESPAN04_8 - Delay - SP - SMS\ESPAN-04.c" Line 169(6,16): Variable never used:   OUTRed9_10
>>> Warning 202 "D:\jobESP\ESPAN-04\Firmware\SPAN-04\ESPAN04_8 - Delay - SP - SMS\ESPAN-04.c" Line 170(6,17): Variable never used:   OUTRed11_18
>>> Warning 202 "D:\jobESP\ESPAN-04\Firmware\SPAN-04\ESPAN04_8 - Delay - SP - SMS\ESPAN-04.c" Line 171(6,17): Variable never used:   OUTRed19_20
>>> Warning 202 "D:\jobESP\ESPAN-04\Firmware\SPAN-04\ESPAN04_8 - Delay - SP - SMS\ESPAN-04.c" Line 173(6,17): Variable never used:   OUTGreen1_8
>>> Warning 202 "D:\jobESP\ESPAN-04\Firmware\SPAN-04\ESPAN04_8 - Delay - SP - SMS\ESPAN-04.c" Line 174(6,18): Variable never used:   OUTGreen9_16
>>> Warning 202 "D:\jobESP\ESPAN-04\Firmware\SPAN-04\ESPAN04_8 - Delay - SP - SMS\ESPAN-04.c" Line 176(6,18): Variable never used:   OUTGreen9_10
>>> Warning 202 "D:\jobESP\ESPAN-04\Firmware\SPAN-04\ESPAN04_8 - Delay - SP - SMS\ESPAN-04.c" Line 177(6,19): Variable never used:   OUTGreen11_18
>>> Warning 202 "D:\jobESP\ESPAN-04\Firmware\SPAN-04\ESPAN04_8 - Delay - SP - SMS\ESPAN-04.c" Line 178(6,19): Variable never used:   OUTGreen19_20
>>> Warning 202 "D:\jobESP\ESPAN-04\Firmware\SPAN-04\ESPAN04_8 - Delay - SP - SMS\ESPAN-04.c" Line 184(6,21): Variable never used:   MasterSlaveSync
>>> Warning 202 "D:\jobESP\ESPAN-04\Firmware\SPAN-04\ESPAN04_8 - Delay - SP - SMS\ESPAN-04.c" Line 216(6,21): Variable never used:   MCP23s17_Op_dat
>>> Warning 202 "D:\jobESP\ESPAN-04\Firmware\SPAN-04\ESPAN04_8 - Delay - SP - SMS\ESPAN-04.c" Line 295(14,24): Variable never used:   LED_Colour
>>> Warning 202 "D:\jobESP\ESPAN-04\Firmware\SPAN-04\ESPAN04_8 - Delay - SP - SMS\ESPAN-04.c" Line 1492(29,30): Variable never used:   k
>>> Warning 202 "D:\jobESP\ESPAN-04\Firmware\SPAN-04\ESPAN04_8 - Delay - SP - SMS\ESPAN-04.c" Line 2122(20,21): Variable never used:   k
      Memory usage:   ROM=37%      RAM=51% - 51%
      0 Errors,  53 Warnings.
Build Successful.
